<?xml version="1.0" encoding="UTF-8"?>
<!-- Generated by org.testng.reporters.JUnitReportReporter -->
<testsuite hostname="DESKTOP-1OTRTVE" failures="0" tests="1" name="testcases.tutorsButton" time="3.144" errors="0" timestamp="2025-08-28T15:49:39 IST" skipped="0">
  <testcase classname="testcases.tutorsButton" name="TutorBtns" time="3.144"/>
  <system-out/>
</testsuite> <!-- testcases.tutorsButton -->
