<?xml version="1.0" encoding="UTF-8"?>
<!-- Generated by org.testng.reporters.JUnitReportReporter -->
<testsuite hostname="DESKTOP-1OTRTVE" failures="0" tests="1" name="testcases.ForgotPasswordTest" time="5.746" errors="0" timestamp="2025-09-08T11:02:23 IST" skipped="0">
  <testcase classname="testcases.ForgotPasswordTest" name="ForgotPasswordTestCase" time="5.746"/>
  <system-out/>
</testsuite> <!-- testcases.ForgotPasswordTest -->
