<?xml version="1.0" encoding="UTF-8"?>
<!-- Generated by org.testng.reporters.JUnitReportReporter -->
<testsuite hostname="DESKTOP-1OTRTVE" failures="0" tests="1" name="testcases.PersonalDetailsTest" time="17.003" errors="0" timestamp="2025-09-09T14:25:29 IST" skipped="0">
  <testcase classname="testcases.PersonalDetailsTest" name="PersonalDetailsTCase" time="17.003"/>
  <system-out/>
</testsuite> <!-- testcases.PersonalDetailsTest -->
