<?xml version="1.0" encoding="UTF-8"?>
<!-- Generated by org.testng.reporters.JUnitReportReporter -->
<testsuite hostname="DESKTOP-1OTRTVE" failures="0" tests="1" name="testcases.ContactDetailsTest" time="12.180" errors="0" timestamp="2025-09-10T15:40:19 IST" skipped="0">
  <testcase classname="testcases.ContactDetailsTest" name="ContactTestCase" time="12.180"/>
  <system-out/>
</testsuite> <!-- testcases.ContactDetailsTest -->
