<?xml version="1.0" encoding="UTF-8"?>
<!-- Generated by org.testng.reporters.JUnitReportReporter -->
<testsuite hostname="DESKTOP-1OTRTVE" failures="0" tests="1" name="testcases.tutorsButton" time="1.434" errors="0" timestamp="2025-09-02T15:46:45 IST" skipped="0">
  <testcase classname="testcases.tutorsButton" name="TutorBtns" time="1.434"/>
  <system-out/>
</testsuite> <!-- testcases.tutorsButton -->
