<?xml version="1.0" encoding="UTF-8"?>
<!-- Generated by org.testng.reporters.JUnitReportReporter -->
<testsuite hostname="DESKTOP-1OTRTVE" failures="0" tests="1" name="testcases.KVRHomePage" time="0.031" errors="0" timestamp="2025-09-01T15:17:10 IST" skipped="0">
  <testcase classname="testcases.KVRHomePage" name="OpenHomePage" time="0.031"/>
  <system-out/>
</testsuite> <!-- testcases.KVRHomePage -->
