<?xml version="1.0" encoding="UTF-8"?>
<!-- Generated by org.testng.reporters.JUnitReportReporter -->
<testsuite hostname="DESKTOP-1OTRTVE" failures="0" tests="1" name="testcases.KVRLoginTest" time="2.193" errors="0" timestamp="2025-09-03T13:03:50 IST" skipped="0">
  <testcase classname="testcases.KVRLoginTest" name="Login" time="2.193"/>
  <system-out/>
</testsuite> <!-- testcases.KVRLoginTest -->
